c:\users\nbr19\desktop\g20_bomberman\bomberman\tmp\g20_aa2-2x64debug\vc142.pdb
c:\users\nbr19\desktop\g20_bomberman\bomberman\tmp\g20_aa2-2x64debug\vc142.idb
c:\users\nbr19\desktop\g20_bomberman\bomberman\tmp\g20_aa2-2x64debug\renderer.obj
c:\users\nbr19\desktop\g20_bomberman\bomberman\tmp\g20_aa2-2x64debug\player.obj
c:\users\nbr19\desktop\g20_bomberman\bomberman\tmp\g20_aa2-2x64debug\inputs.obj
c:\users\nbr19\desktop\g20_bomberman\bomberman\tmp\g20_aa2-2x64debug\hud.obj
c:\users\nbr19\desktop\g20_bomberman\bomberman\tmp\g20_aa2-2x64debug\scene.obj
c:\users\nbr19\desktop\g20_bomberman\bomberman\tmp\g20_aa2-2x64debug\rankingscene.obj
c:\users\nbr19\desktop\g20_bomberman\bomberman\tmp\g20_aa2-2x64debug\map1scene.obj
c:\users\nbr19\desktop\g20_bomberman\bomberman\tmp\g20_aa2-2x64debug\menuscene.obj
c:\users\nbr19\desktop\g20_bomberman\bomberman\tmp\g20_aa2-2x64debug\game.obj
c:\users\nbr19\desktop\g20_bomberman\bomberman\\bin\x64debug\g20_aa2-2.pdb
c:\users\nbr19\desktop\g20_bomberman\bomberman\tmp\g20_aa2-2x64debug\g20_aa2-2.tlog\cl.command.1.tlog
c:\users\nbr19\desktop\g20_bomberman\bomberman\tmp\g20_aa2-2x64debug\g20_aa2-2.tlog\cl.read.1.tlog
c:\users\nbr19\desktop\g20_bomberman\bomberman\tmp\g20_aa2-2x64debug\g20_aa2-2.tlog\cl.write.1.tlog
c:\users\nbr19\desktop\g20_bomberman\bomberman\tmp\g20_aa2-2x64debug\g20_aa2-2.tlog\link-cvtres.read.1.tlog
c:\users\nbr19\desktop\g20_bomberman\bomberman\tmp\g20_aa2-2x64debug\g20_aa2-2.tlog\link-cvtres.write.1.tlog
c:\users\nbr19\desktop\g20_bomberman\bomberman\tmp\g20_aa2-2x64debug\g20_aa2-2.tlog\link-rc.read.1.tlog
c:\users\nbr19\desktop\g20_bomberman\bomberman\tmp\g20_aa2-2x64debug\g20_aa2-2.tlog\link-rc.write.1.tlog
c:\users\nbr19\desktop\g20_bomberman\bomberman\tmp\g20_aa2-2x64debug\g20_aa2-2.tlog\link.command.1.tlog
c:\users\nbr19\desktop\g20_bomberman\bomberman\tmp\g20_aa2-2x64debug\g20_aa2-2.tlog\link.read.1.tlog
c:\users\nbr19\desktop\g20_bomberman\bomberman\tmp\g20_aa2-2x64debug\g20_aa2-2.tlog\link.write.1.tlog
